This file contains any messages produced by compilers while
running configure, to aid debugging if configure makes a mistake.

It was created by bin/VCF2PCACluster configure 1.38, which was
generated by GNU Autoconf 2.69.  Invocation command line was

  $ ./configure 

## --------- ##
## Platform. ##
## --------- ##

hostname = cngb-login-0-25.cngb.sz.hpc
uname -m = x86_64
uname -r = 3.10.0-1127.el7.x86_64
uname -s = Linux
uname -v = #1 SMP Tue Mar 31 23:36:51 UTC 2020

/usr/bin/uname -p = x86_64
/bin/uname -X     = unknown

/bin/arch              = x86_64
/usr/bin/arch -k       = unknown
/usr/convex/getsysinfo = unknown
/usr/bin/hostinfo      = unknown
/bin/machine           = unknown
/usr/bin/oslevel       = unknown
/bin/universe          = unknown

PATH: /opt/openmpi/bin
PATH: /usr/local/bin
PATH: /usr/bin
PATH: /usr/local/sbin
PATH: /usr/sbin
PATH: /opt/ganglia/bin
PATH: /opt/ganglia/sbin
PATH: /usr/java/latest/bin
PATH: /opt/pdsh/bin
PATH: /opt/rocks/bin
PATH: /opt/rocks/sbin
PATH: /opt/condor/bin
PATH: /opt/condor/sbin
PATH: /opt/gridengine/bin/lx-amd64


## ----------- ##
## Core tests. ##
## ----------- ##

configure:2240: checking for a BSD-compatible install
configure:2308: result: /usr/bin/install -c
configure:2319: checking whether build environment is sane
configure:2374: result: yes
configure:2525: checking for a thread-safe mkdir -p
configure:2564: result: /usr/bin/mkdir -p
configure:2571: checking for gawk
configure:2587: found /usr/bin/gawk
configure:2598: result: gawk
configure:2609: checking whether make sets $(MAKE)
configure:2631: result: yes
configure:2660: checking whether make supports nested variables
configure:2677: result: yes
configure:2770: checking for gawk
configure:2797: result: gawk
configure:2866: checking for g++
configure:2882: found /usr/bin/g++
configure:2893: result: g++
configure:2920: checking for C++ compiler version
configure:2929: g++ --version >&5
g++ (GCC) 4.8.5 20150623 (Red Hat 4.8.5-44)
Copyright (C) 2015 Free Software Foundation, Inc.
This is free software; see the source for copying conditions.  There is NO
warranty; not even for MERCHANTABILITY or FITNESS FOR A PARTICULAR PURPOSE.

configure:2940: $? = 0
configure:2929: g++ -v >&5
Using built-in specs.
COLLECT_GCC=g++
COLLECT_LTO_WRAPPER=/usr/libexec/gcc/x86_64-redhat-linux/4.8.5/lto-wrapper
Target: x86_64-redhat-linux
Configured with: ../configure --prefix=/usr --mandir=/usr/share/man --infodir=/usr/share/info --with-bugurl=http://bugzilla.redhat.com/bugzilla --enable-bootstrap --enable-shared --enable-threads=posix --enable-checking=release --with-system-zlib --enable-__cxa_atexit --disable-libunwind-exceptions --enable-gnu-unique-object --enable-linker-build-id --with-linker-hash-style=gnu --enable-languages=c,c++,objc,obj-c++,java,fortran,ada,go,lto --enable-plugin --enable-initfini-array --disable-libgcj --with-isl=/builddir/build/BUILD/gcc-4.8.5-20150702/obj-x86_64-redhat-linux/isl-install --with-cloog=/builddir/build/BUILD/gcc-4.8.5-20150702/obj-x86_64-redhat-linux/cloog-install --enable-gnu-indirect-function --with-tune=generic --with-arch_32=x86-64 --build=x86_64-redhat-linux
Thread model: posix
gcc version 4.8.5 20150623 (Red Hat 4.8.5-44) (GCC) 
configure:2940: $? = 0
configure:2929: g++ -V >&5
g++: error: unrecognized command line option '-V'
g++: fatal error: no input files
compilation terminated.
configure:2940: $? = 4
configure:2929: g++ -qversion >&5
g++: error: unrecognized command line option '-qversion'
g++: fatal error: no input files
compilation terminated.
configure:2940: $? = 4
configure:2960: checking whether the C++ compiler works
configure:2982: g++    conftest.cpp  >&5
configure:2986: $? = 0
configure:3034: result: yes
configure:3037: checking for C++ compiler default output file name
configure:3039: result: a.out
configure:3045: checking for suffix of executables
configure:3052: g++ -o conftest    conftest.cpp  >&5
configure:3056: $? = 0
configure:3078: result: 
configure:3100: checking whether we are cross compiling
configure:3108: g++ -o conftest    conftest.cpp  >&5
configure:3112: $? = 0
configure:3119: ./conftest
configure:3123: $? = 0
configure:3138: result: no
configure:3143: checking for suffix of object files
configure:3165: g++ -c   conftest.cpp >&5
configure:3169: $? = 0
configure:3190: result: o
configure:3194: checking whether we are using the GNU C++ compiler
configure:3213: g++ -c   conftest.cpp >&5
configure:3213: $? = 0
configure:3222: result: yes
configure:3231: checking whether g++ accepts -g
configure:3251: g++ -c -g  conftest.cpp >&5
configure:3251: $? = 0
configure:3292: result: yes
configure:3326: checking for style of include used by make
configure:3354: result: GNU
configure:3380: checking dependency style of g++
configure:3491: result: gcc3
configure:3560: checking for gcc
configure:3576: found /usr/bin/gcc
configure:3587: result: gcc
configure:3618: checking for C compiler version
configure:3627: gcc --version >&5
gcc (GCC) 4.8.5 20150623 (Red Hat 4.8.5-44)
Copyright (C) 2015 Free Software Foundation, Inc.
This is free software; see the source for copying conditions.  There is NO
warranty; not even for MERCHANTABILITY or FITNESS FOR A PARTICULAR PURPOSE.

configure:3638: $? = 0
configure:3627: gcc -v >&5
Using built-in specs.
COLLECT_GCC=gcc
COLLECT_LTO_WRAPPER=/usr/libexec/gcc/x86_64-redhat-linux/4.8.5/lto-wrapper
Target: x86_64-redhat-linux
Configured with: ../configure --prefix=/usr --mandir=/usr/share/man --infodir=/usr/share/info --with-bugurl=http://bugzilla.redhat.com/bugzilla --enable-bootstrap --enable-shared --enable-threads=posix --enable-checking=release --with-system-zlib --enable-__cxa_atexit --disable-libunwind-exceptions --enable-gnu-unique-object --enable-linker-build-id --with-linker-hash-style=gnu --enable-languages=c,c++,objc,obj-c++,java,fortran,ada,go,lto --enable-plugin --enable-initfini-array --disable-libgcj --with-isl=/builddir/build/BUILD/gcc-4.8.5-20150702/obj-x86_64-redhat-linux/isl-install --with-cloog=/builddir/build/BUILD/gcc-4.8.5-20150702/obj-x86_64-redhat-linux/cloog-install --enable-gnu-indirect-function --with-tune=generic --with-arch_32=x86-64 --build=x86_64-redhat-linux
Thread model: posix
gcc version 4.8.5 20150623 (Red Hat 4.8.5-44) (GCC) 
configure:3638: $? = 0
configure:3627: gcc -V >&5
gcc: error: unrecognized command line option '-V'
gcc: fatal error: no input files
compilation terminated.
configure:3638: $? = 4
configure:3627: gcc -qversion >&5
gcc: error: unrecognized command line option '-qversion'
gcc: fatal error: no input files
compilation terminated.
configure:3638: $? = 4
configure:3642: checking whether we are using the GNU C compiler
configure:3661: gcc -c   conftest.c >&5
configure:3661: $? = 0
configure:3670: result: yes
configure:3679: checking whether gcc accepts -g
configure:3699: gcc -c -g  conftest.c >&5
configure:3699: $? = 0
configure:3740: result: yes
configure:3757: checking for gcc option to accept ISO C89
configure:3820: gcc  -c -g -O2  conftest.c >&5
configure:3820: $? = 0
configure:3833: result: none needed
configure:3855: checking dependency style of gcc
configure:3966: result: gcc3
configure:3986: checking how to run the C preprocessor
configure:4017: gcc -E  conftest.c
configure:4017: $? = 0
configure:4031: gcc -E  conftest.c
conftest.c:11:28: fatal error: ac_nonexistent.h: No such file or directory
 #include <ac_nonexistent.h>
                            ^
compilation terminated.
configure:4031: $? = 1
configure: failed program was:
| /* confdefs.h */
| #define PACKAGE_NAME "bin/VCF2PCACluster"
| #define PACKAGE_TARNAME "bin-vcf2pcacluster"
| #define PACKAGE_VERSION "1.38"
| #define PACKAGE_STRING "bin/VCF2PCACluster 1.38"
| #define PACKAGE_BUGREPORT "hewm2008@gmail.com"
| #define PACKAGE_URL ""
| #define PACKAGE "bin/VCF2PCACluster"
| #define VERSION "1.38"
| /* end confdefs.h.  */
| #include <ac_nonexistent.h>
configure:4056: result: gcc -E
configure:4076: gcc -E  conftest.c
configure:4076: $? = 0
configure:4090: gcc -E  conftest.c
conftest.c:11:28: fatal error: ac_nonexistent.h: No such file or directory
 #include <ac_nonexistent.h>
                            ^
compilation terminated.
configure:4090: $? = 1
configure: failed program was:
| /* confdefs.h */
| #define PACKAGE_NAME "bin/VCF2PCACluster"
| #define PACKAGE_TARNAME "bin-vcf2pcacluster"
| #define PACKAGE_VERSION "1.38"
| #define PACKAGE_STRING "bin/VCF2PCACluster 1.38"
| #define PACKAGE_BUGREPORT "hewm2008@gmail.com"
| #define PACKAGE_URL ""
| #define PACKAGE "bin/VCF2PCACluster"
| #define VERSION "1.38"
| /* end confdefs.h.  */
| #include <ac_nonexistent.h>
configure:4118: checking whether ln -s works
configure:4122: result: yes
configure:4129: checking whether make sets $(MAKE)
configure:4151: result: yes
configure:4203: checking for ranlib
configure:4219: found /usr/bin/ranlib
configure:4230: result: ranlib
configure:4256: checking for main in -lz
configure:4275: gcc -o conftest -g -O2   conftest.c -lz   >&5
configure:4275: $? = 0
configure:4284: result: yes
configure:4301: checking for grep that handles long lines and -e
configure:4359: result: /usr/bin/grep
configure:4364: checking for egrep
configure:4426: result: /usr/bin/grep -E
configure:4431: checking for ANSI C header files
configure:4451: gcc -c -g -O2  conftest.c >&5
configure:4451: $? = 0
configure:4524: gcc -o conftest -g -O2   conftest.c -lz  >&5
configure:4524: $? = 0
configure:4524: ./conftest
configure:4524: $? = 0
configure:4535: result: yes
configure:4548: checking for sys/types.h
configure:4548: gcc -c -g -O2  conftest.c >&5
configure:4548: $? = 0
configure:4548: result: yes
configure:4548: checking for sys/stat.h
configure:4548: gcc -c -g -O2  conftest.c >&5
configure:4548: $? = 0
configure:4548: result: yes
configure:4548: checking for stdlib.h
configure:4548: gcc -c -g -O2  conftest.c >&5
configure:4548: $? = 0
configure:4548: result: yes
configure:4548: checking for string.h
configure:4548: gcc -c -g -O2  conftest.c >&5
configure:4548: $? = 0
configure:4548: result: yes
configure:4548: checking for memory.h
configure:4548: gcc -c -g -O2  conftest.c >&5
configure:4548: $? = 0
configure:4548: result: yes
configure:4548: checking for strings.h
configure:4548: gcc -c -g -O2  conftest.c >&5
configure:4548: $? = 0
configure:4548: result: yes
configure:4548: checking for inttypes.h
configure:4548: gcc -c -g -O2  conftest.c >&5
configure:4548: $? = 0
configure:4548: result: yes
configure:4548: checking for stdint.h
configure:4548: gcc -c -g -O2  conftest.c >&5
configure:4548: $? = 0
configure:4548: result: yes
configure:4548: checking for unistd.h
configure:4548: gcc -c -g -O2  conftest.c >&5
configure:4548: $? = 0
configure:4548: result: yes
configure:4562: checking zlib.h usability
configure:4562: gcc -c -g -O2  conftest.c >&5
configure:4562: $? = 0
configure:4562: result: yes
configure:4562: checking zlib.h presence
configure:4562: gcc -E  conftest.c
configure:4562: $? = 0
configure:4562: result: yes
configure:4562: checking for zlib.h
configure:4562: result: yes
configure:4576: checking math.h usability
configure:4576: gcc -c -g -O2  conftest.c >&5
configure:4576: $? = 0
configure:4576: result: yes
configure:4576: checking math.h presence
configure:4576: gcc -E  conftest.c
configure:4576: $? = 0
configure:4576: result: yes
configure:4576: checking for math.h
configure:4576: result: yes
configure:4604: checking for stdlib.h
configure:4604: result: yes
configure:4614: checking for GNU libc compatible malloc
configure:4638: gcc -o conftest -g -O2   conftest.c -lz  >&5
configure:4638: $? = 0
configure:4638: ./conftest
configure:4638: $? = 0
configure:4648: result: yes
configure:4671: checking for stdlib.h
configure:4671: result: yes
configure:4681: checking for GNU libc compatible realloc
configure:4705: gcc -o conftest -g -O2   conftest.c -lz  >&5
configure:4705: $? = 0
configure:4705: ./conftest
configure:4705: $? = 0
configure:4715: result: yes
configure:4739: checking for memchr
configure:4739: gcc -o conftest -g -O2   conftest.c -lz  >&5
conftest.c:51:6: warning: conflicting types for built-in function 'memchr' [enabled by default]
 char memchr ();
      ^
configure:4739: $? = 0
configure:4739: result: yes
configure:4739: checking for sqrt
configure:4739: gcc -o conftest -g -O2   conftest.c -lz  >&5
conftest.c:52:6: warning: conflicting types for built-in function 'sqrt' [enabled by default]
 char sqrt ();
      ^
/tmp/cc2XDzsZ.o: In function `main':
/ldfssz3/PS/hewm2008/02.AD-hewmBin/08.TestFL/Dede/VCF2PCACluster-1.38/conftest.c:63: undefined reference to `sqrt'
collect2: error: ld returned 1 exit status
configure:4739: $? = 1
configure: failed program was:
| /* confdefs.h */
| #define PACKAGE_NAME "bin/VCF2PCACluster"
| #define PACKAGE_TARNAME "bin-vcf2pcacluster"
| #define PACKAGE_VERSION "1.38"
| #define PACKAGE_STRING "bin/VCF2PCACluster 1.38"
| #define PACKAGE_BUGREPORT "hewm2008@gmail.com"
| #define PACKAGE_URL ""
| #define PACKAGE "bin/VCF2PCACluster"
| #define VERSION "1.38"
| #define HAVE_LIBZ 1
| #define STDC_HEADERS 1
| #define HAVE_SYS_TYPES_H 1
| #define HAVE_SYS_STAT_H 1
| #define HAVE_STDLIB_H 1
| #define HAVE_STRING_H 1
| #define HAVE_MEMORY_H 1
| #define HAVE_STRINGS_H 1
| #define HAVE_INTTYPES_H 1
| #define HAVE_STDINT_H 1
| #define HAVE_UNISTD_H 1
| #define HAVE_ZLIB_H 1
| #define HAVE_MATH_H 1
| #define HAVE_STDLIB_H 1
| #define HAVE_MALLOC 1
| #define HAVE_STDLIB_H 1
| #define HAVE_REALLOC 1
| #define HAVE_MEMCHR 1
| /* end confdefs.h.  */
| /* Define sqrt to an innocuous variant, in case <limits.h> declares sqrt.
|    For example, HP-UX 11i <limits.h> declares gettimeofday.  */
| #define sqrt innocuous_sqrt
| 
| /* System header to define __stub macros and hopefully few prototypes,
|     which can conflict with char sqrt (); below.
|     Prefer <limits.h> to <assert.h> if __STDC__ is defined, since
|     <limits.h> exists even on freestanding compilers.  */
| 
| #ifdef __STDC__
| # include <limits.h>
| #else
| # include <assert.h>
| #endif
| 
| #undef sqrt
| 
| /* Override any GCC internal prototype to avoid an error.
|    Use char because int might match the return type of a GCC
|    builtin and then its argument prototype would still apply.  */
| #ifdef __cplusplus
| extern "C"
| #endif
| char sqrt ();
| /* The GNU C library defines this for functions which it implements
|     to always fail with ENOSYS.  Some functions are actually named
|     something starting with __ and the normal name is an alias.  */
| #if defined __stub_sqrt || defined __stub___sqrt
| choke me
| #endif
| 
| int
| main ()
| {
| return sqrt ();
|   ;
|   return 0;
| }
configure:4739: result: no
configure:4863: checking that generated files are newer than configure
configure:4869: result: done
configure:4896: creating ./config.status

## ---------------------- ##
## Running config.status. ##
## ---------------------- ##

This file was extended by bin/VCF2PCACluster config.status 1.38, which was
generated by GNU Autoconf 2.69.  Invocation command line was

  CONFIG_FILES    = 
  CONFIG_HEADERS  = 
  CONFIG_LINKS    = 
  CONFIG_COMMANDS = 
  $ ./config.status 

on cngb-login-0-25.cngb.sz.hpc

config.status:868: creating Makefile
config.status:868: creating config.h
config.status:1049: config.h is unchanged
config.status:1097: executing depfiles commands

## ---------------- ##
## Cache variables. ##
## ---------------- ##

ac_cv_c_compiler_gnu=yes
ac_cv_cxx_compiler_gnu=yes
ac_cv_env_CCC_set=
ac_cv_env_CCC_value=
ac_cv_env_CC_set=
ac_cv_env_CC_value=
ac_cv_env_CFLAGS_set=
ac_cv_env_CFLAGS_value=
ac_cv_env_CPPFLAGS_set=
ac_cv_env_CPPFLAGS_value=
ac_cv_env_CPP_set=
ac_cv_env_CPP_value=
ac_cv_env_CXXFLAGS_set=
ac_cv_env_CXXFLAGS_value=
ac_cv_env_CXX_set=
ac_cv_env_CXX_value=
ac_cv_env_LDFLAGS_set=
ac_cv_env_LDFLAGS_value=
ac_cv_env_LIBS_set=
ac_cv_env_LIBS_value=
ac_cv_env_build_alias_set=
ac_cv_env_build_alias_value=
ac_cv_env_host_alias_set=
ac_cv_env_host_alias_value=
ac_cv_env_target_alias_set=
ac_cv_env_target_alias_value=
ac_cv_func_malloc_0_nonnull=yes
ac_cv_func_memchr=yes
ac_cv_func_realloc_0_nonnull=yes
ac_cv_func_sqrt=no
ac_cv_header_inttypes_h=yes
ac_cv_header_math_h=yes
ac_cv_header_memory_h=yes
ac_cv_header_stdc=yes
ac_cv_header_stdint_h=yes
ac_cv_header_stdlib_h=yes
ac_cv_header_string_h=yes
ac_cv_header_strings_h=yes
ac_cv_header_sys_stat_h=yes
ac_cv_header_sys_types_h=yes
ac_cv_header_unistd_h=yes
ac_cv_header_zlib_h=yes
ac_cv_lib_z_main=yes
ac_cv_objext=o
ac_cv_path_EGREP='/usr/bin/grep -E'
ac_cv_path_GREP=/usr/bin/grep
ac_cv_path_install='/usr/bin/install -c'
ac_cv_path_mkdir=/usr/bin/mkdir
ac_cv_prog_AWK=gawk
ac_cv_prog_CPP='gcc -E'
ac_cv_prog_ac_ct_CC=gcc
ac_cv_prog_ac_ct_CXX=g++
ac_cv_prog_ac_ct_RANLIB=ranlib
ac_cv_prog_cc_c89=
ac_cv_prog_cc_g=yes
ac_cv_prog_cxx_g=yes
ac_cv_prog_make_make_set=yes
am_cv_CC_dependencies_compiler_type=gcc3
am_cv_CXX_dependencies_compiler_type=gcc3
am_cv_make_support_nested_variables=yes

## ----------------- ##
## Output variables. ##
## ----------------- ##

ACLOCAL='${SHELL} /ldfssz3/PS/hewm2008/02.AD-hewmBin/08.TestFL/Dede/VCF2PCACluster-1.38/missing aclocal-1.13'
AMDEPBACKSLASH='\'
AMDEP_FALSE='#'
AMDEP_TRUE=''
AMTAR='$${TAR-tar}'
AM_BACKSLASH='\'
AM_DEFAULT_V='$(AM_DEFAULT_VERBOSITY)'
AM_DEFAULT_VERBOSITY='1'
AM_V='$(V)'
AUTOCONF='${SHELL} /ldfssz3/PS/hewm2008/02.AD-hewmBin/08.TestFL/Dede/VCF2PCACluster-1.38/missing autoconf'
AUTOHEADER='${SHELL} /ldfssz3/PS/hewm2008/02.AD-hewmBin/08.TestFL/Dede/VCF2PCACluster-1.38/missing autoheader'
AUTOMAKE='${SHELL} /ldfssz3/PS/hewm2008/02.AD-hewmBin/08.TestFL/Dede/VCF2PCACluster-1.38/missing automake-1.13'
AWK='gawk'
CC='gcc'
CCDEPMODE='depmode=gcc3'
CFLAGS='-g -O2'
CPP='gcc -E'
CPPFLAGS=''
CXX='g++'
CXXDEPMODE='depmode=gcc3'
CXXFLAGS='-g -O2'
CYGPATH_W='echo'
DEFS='-DHAVE_CONFIG_H'
DEPDIR='.deps'
ECHO_C=''
ECHO_N='-n'
ECHO_T=''
EGREP='/usr/bin/grep -E'
EXEEXT=''
GREP='/usr/bin/grep'
INSTALL_DATA='${INSTALL} -m 644'
INSTALL_PROGRAM='${INSTALL}'
INSTALL_SCRIPT='${INSTALL}'
INSTALL_STRIP_PROGRAM='$(install_sh) -c -s'
LDFLAGS=''
LIBOBJS=''
LIBS='-lz '
LN_S='ln -s'
LTLIBOBJS=''
MAKEINFO='${SHELL} /ldfssz3/PS/hewm2008/02.AD-hewmBin/08.TestFL/Dede/VCF2PCACluster-1.38/missing makeinfo'
MKDIR_P='/usr/bin/mkdir -p'
OBJEXT='o'
PACKAGE='bin/VCF2PCACluster'
PACKAGE_BUGREPORT='hewm2008@gmail.com'
PACKAGE_NAME='bin/VCF2PCACluster'
PACKAGE_STRING='bin/VCF2PCACluster 1.38'
PACKAGE_TARNAME='bin-vcf2pcacluster'
PACKAGE_URL=''
PACKAGE_VERSION='1.38'
PATH_SEPARATOR=':'
RANLIB='ranlib'
SET_MAKE=''
SHELL='/bin/sh'
STRIP=''
VERSION='1.38'
ac_ct_CC='gcc'
ac_ct_CXX='g++'
am__EXEEXT_FALSE=''
am__EXEEXT_TRUE='#'
am__fastdepCC_FALSE='#'
am__fastdepCC_TRUE=''
am__fastdepCXX_FALSE='#'
am__fastdepCXX_TRUE=''
am__include='include'
am__isrc=''
am__leading_dot='.'
am__nodep='_no'
am__quote=''
am__tar='$${TAR-tar} chof - "$$tardir"'
am__untar='$${TAR-tar} xf -'
bindir='${exec_prefix}/bin'
build_alias=''
datadir='${datarootdir}'
datarootdir='${prefix}/share'
docdir='${datarootdir}/doc/${PACKAGE_TARNAME}'
dvidir='${docdir}'
exec_prefix='${prefix}'
host_alias=''
htmldir='${docdir}'
includedir='${prefix}/include'
infodir='${datarootdir}/info'
install_sh='${SHELL} /ldfssz3/PS/hewm2008/02.AD-hewmBin/08.TestFL/Dede/VCF2PCACluster-1.38/install-sh'
libdir='${exec_prefix}/lib'
libexecdir='${exec_prefix}/libexec'
localedir='${datarootdir}/locale'
localstatedir='${prefix}/var'
mandir='${datarootdir}/man'
mkdir_p='$(MKDIR_P)'
oldincludedir='/usr/include'
pdfdir='${docdir}'
prefix='/usr/local'
program_transform_name='s,x,x,'
psdir='${docdir}'
sbindir='${exec_prefix}/sbin'
sharedstatedir='${prefix}/com'
sysconfdir='${prefix}/etc'
target_alias=''

## ----------- ##
## confdefs.h. ##
## ----------- ##

/* confdefs.h */
#define PACKAGE_NAME "bin/VCF2PCACluster"
#define PACKAGE_TARNAME "bin-vcf2pcacluster"
#define PACKAGE_VERSION "1.38"
#define PACKAGE_STRING "bin/VCF2PCACluster 1.38"
#define PACKAGE_BUGREPORT "hewm2008@gmail.com"
#define PACKAGE_URL ""
#define PACKAGE "bin/VCF2PCACluster"
#define VERSION "1.38"
#define HAVE_LIBZ 1
#define STDC_HEADERS 1
#define HAVE_SYS_TYPES_H 1
#define HAVE_SYS_STAT_H 1
#define HAVE_STDLIB_H 1
#define HAVE_STRING_H 1
#define HAVE_MEMORY_H 1
#define HAVE_STRINGS_H 1
#define HAVE_INTTYPES_H 1
#define HAVE_STDINT_H 1
#define HAVE_UNISTD_H 1
#define HAVE_ZLIB_H 1
#define HAVE_MATH_H 1
#define HAVE_STDLIB_H 1
#define HAVE_MALLOC 1
#define HAVE_STDLIB_H 1
#define HAVE_REALLOC 1
#define HAVE_MEMCHR 1

configure: exit 0
